{
  "RSpec": {
    "coverage": {
      "/Users/ruezheng/turing/3module/projects/rails-engine/spec/requests/api/v1/items_request_spec.rb": {
        "lines": [
          1,
          null,
          1,
          1,
          1,
          1,
          null,
          1,
          null,
          1,
          1,
          null,
          1,
          1,
          null,
          1,
          20,
          20,
          null,
          20,
          20,
          null,
          20,
          20,
          20,
          20,
          20,
          null,
          20,
          20,
          null,
          null,
          null,
          1,
          1,
          null,
          1,
          1,
          null,
          1,
          1,
          1,
          null,
          null,
          1,
          1,
          1,
          null,
          1,
          null,
          1,
          1,
          null,
          1,
          1,
          null,
          1,
          1,
          null,
          1,
          1,
          null,
          1,
          1,
          1,
          1,
          1,
          null,
          1,
          1,
          null,
          null,
          1,
          1,
          1,
          null,
          1,
          null,
          1,
          1,
          null,
          1,
          1,
          null,
          1,
          20,
          20,
          20,
          20,
          null,
          20,
          20,
          20,
          20,
          20,
          null,
          20,
          20,
          null,
          null,
          null,
          1,
          1,
          null,
          1,
          null,
          null,
          null,
          null,
          null,
          null,
          1,
          1,
          null,
          1,
          null,
          1,
          1,
          null,
          1,
          1,
          1,
          1,
          null,
          null,
          1,
          1,
          1,
          null,
          1,
          1,
          null,
          1,
          1,
          null,
          1,
          null,
          1,
          1,
          1,
          null,
          null
        ]
      },
      "/Users/ruezheng/turing/3module/projects/rails-engine/spec/rails_helper.rb": {
        "lines": [
          null,
          1,
          1,
          1,
          null,
          1,
          1,
          1,
          null,
          null,
          null,
          null,
          null,
          null,
          null,
          null,
          null,
          null,
          null,
          null,
          null,
          null,
          null,
          null,
          null,
          null,
          null,
          null,
          null,
          1,
          null,
          0,
          0,
          null,
          1,
          1,
          null,
          null,
          1,
          null,
          null,
          null,
          null,
          1,
          null,
          null,
          null,
          null,
          null,
          null,
          null,
          null,
          null,
          null,
          null,
          null,
          null,
          null,
          null,
          null,
          null,
          1,
          null,
          null,
          1,
          null,
          null,
          null
        ]
      },
      "/Users/ruezheng/turing/3module/projects/rails-engine/config/environment.rb": {
        "lines": [
          null,
          1,
          null,
          null,
          1
        ]
      },
      "/Users/ruezheng/turing/3module/projects/rails-engine/config/application.rb": {
        "lines": [
          1,
          null,
          1,
          null,
          1,
          1,
          1,
          1,
          1,
          1,
          1,
          1,
          null,
          null,
          null,
          null,
          null,
          1,
          null,
          1,
          1,
          null,
          1,
          null,
          null,
          null,
          null,
          null,
          null,
          null,
          null,
          null,
          1,
          null,
          null
        ]
      },
      "/Users/ruezheng/turing/3module/projects/rails-engine/config/boot.rb": {
        "lines": [
          1,
          null,
          1,
          1
        ]
      },
      "/Users/ruezheng/turing/3module/projects/rails-engine/config/environments/test.rb": {
        "lines": [
          1,
          null,
          null,
          null,
          null,
          null,
          null,
          1,
          null,
          null,
          null,
          null,
          1,
          null,
          null,
          1,
          1,
          null,
          null,
          null,
          null,
          1,
          1,
          null,
          null,
          1,
          null,
          null,
          1,
          null,
          null,
          1,
          null,
          1,
          null,
          null,
          null,
          null,
          1,
          null,
          null,
          1,
          null,
          null,
          null,
          null
        ]
      },
      "/Users/ruezheng/turing/3module/projects/rails-engine/config/initializers/application_controller_renderer.rb": {
        "lines": [
          null,
          null,
          null,
          null,
          null,
          null,
          null,
          null
        ]
      },
      "/Users/ruezheng/turing/3module/projects/rails-engine/config/initializers/backtrace_silencers.rb": {
        "lines": [
          null,
          null,
          null,
          null,
          null,
          null,
          null
        ]
      },
      "/Users/ruezheng/turing/3module/projects/rails-engine/config/initializers/cors.rb": {
        "lines": [
          null,
          null,
          null,
          null,
          null,
          null,
          null,
          null,
          null,
          null,
          null,
          null,
          null,
          null,
          null,
          null
        ]
      },
      "/Users/ruezheng/turing/3module/projects/rails-engine/config/initializers/filter_parameter_logging.rb": {
        "lines": [
          null,
          null,
          null,
          1
        ]
      },
      "/Users/ruezheng/turing/3module/projects/rails-engine/config/initializers/inflections.rb": {
        "lines": [
          null,
          null,
          null,
          null,
          null,
          null,
          null,
          null,
          null,
          null,
          null,
          null,
          null,
          null,
          null,
          null
        ]
      },
      "/Users/ruezheng/turing/3module/projects/rails-engine/config/initializers/mime_types.rb": {
        "lines": [
          null,
          null,
          null,
          null
        ]
      },
      "/Users/ruezheng/turing/3module/projects/rails-engine/config/initializers/wrap_parameters.rb": {
        "lines": [
          null,
          null,
          null,
          null,
          null,
          null,
          1,
          2,
          null,
          null,
          null,
          null,
          null,
          null
        ]
      },
      "/Users/ruezheng/turing/3module/projects/rails-engine/spec/factories/items.rb": {
        "lines": [
          1,
          1,
          43,
          43,
          43,
          null,
          null
        ]
      },
      "/Users/ruezheng/turing/3module/projects/rails-engine/spec/factories/merchants.rb": {
        "lines": [
          1,
          1,
          17,
          null,
          null
        ]
      },
      "/Users/ruezheng/turing/3module/projects/rails-engine/config/routes.rb": {
        "lines": [
          1,
          null,
          1,
          1,
          1,
          1,
          null,
          1,
          null,
          null,
          null
        ]
      },
      "/Users/ruezheng/turing/3module/projects/rails-engine/spec/requests/api/v1/merchants_request_spec.rb": {
        "lines": [
          1,
          null,
          1,
          1,
          1,
          null,
          1,
          null,
          1,
          1,
          null,
          1,
          1,
          null,
          1,
          10,
          10,
          null,
          10,
          10,
          null,
          10,
          10,
          null,
          10,
          10,
          null,
          null,
          null,
          1,
          1,
          null,
          1,
          null,
          1,
          1,
          null,
          1,
          1,
          1,
          null,
          1,
          1,
          null,
          1,
          1,
          null,
          1,
          1,
          null,
          null
        ]
      },
      "/Users/ruezheng/turing/3module/projects/rails-engine/app/models/merchant.rb": {
        "lines": [
          1,
          1,
          1,
          1,
          1,
          1,
          null
        ]
      },
      "/Users/ruezheng/turing/3module/projects/rails-engine/app/models/application_record.rb": {
        "lines": [
          1,
          1,
          null
        ]
      },
      "/Users/ruezheng/turing/3module/projects/rails-engine/app/models/item.rb": {
        "lines": [
          1,
          1,
          1,
          1,
          1,
          1,
          1,
          null
        ]
      },
      "/Users/ruezheng/turing/3module/projects/rails-engine/app/controllers/api/v1/items_controller.rb": {
        "lines": [
          1,
          null,
          1,
          2,
          null,
          null,
          1,
          1,
          null,
          null,
          1,
          1,
          null,
          null,
          1,
          1,
          1,
          1,
          null,
          0,
          null,
          null,
          null,
          1,
          0,
          0,
          0,
          null,
          null,
          null,
          1,
          null,
          1,
          2,
          null,
          null
        ]
      },
      "/Users/ruezheng/turing/3module/projects/rails-engine/app/controllers/application_controller.rb": {
        "lines": [
          1,
          null
        ]
      },
      "/Users/ruezheng/turing/3module/projects/rails-engine/app/serializers/item_serializer.rb": {
        "lines": [
          1,
          1,
          1,
          null,
          1,
          null
        ]
      },
      "/Users/ruezheng/turing/3module/projects/rails-engine/app/serializers/merchant_serializer.rb": {
        "lines": [
          1,
          1,
          1,
          null,
          1,
          null
        ]
      },
      "/Users/ruezheng/turing/3module/projects/rails-engine/app/controllers/api/v1/merchants/items_controller.rb": {
        "lines": [
          1,
          null,
          1,
          1,
          1,
          null,
          null
        ]
      },
      "/Users/ruezheng/turing/3module/projects/rails-engine/app/controllers/api/v1/merchants_controller.rb": {
        "lines": [
          1,
          null,
          1,
          1,
          null,
          null,
          1,
          1,
          null,
          null
        ]
      }
    },
    "timestamp": 1657832067
  }
}
